0 info it worked if it ends with ok
1 verbose cli [ 'D:\\dev\\ide\\nodejs\\\\node.exe',
1 verbose cli   'D:\\dev\\ide\\nodejs\\node_modules\\npm\\bin\\npm-cli.js',
1 verbose cli   'install' ]
2 info using npm@1.4.3
3 info using node@v0.10.26
4 verbose node symlink D:\dev\ide\nodejs\\node.exe
5 verbose readDependencies using package.json deps
6 verbose install where, deps [ 'D:\\workspace\\javascript\\todo',
6 verbose install   [ 'angular',
6 verbose install     'angularfire',
6 verbose install     'todomvc-app-css',
6 verbose install     'todomvc-common',
6 verbose install     'angular-datepicker' ] ]
7 info preinstall @
8 verbose readDependencies using package.json deps
9 verbose already installed skipping todomvc-app-css@^1.0.1 D:\workspace\javascript\todo
10 verbose already installed skipping todomvc-common@^1.0.1 D:\workspace\javascript\todo
11 verbose cache add [ 'angular-datepicker@^2.0.4', null ]
12 verbose cache add name=undefined spec="angular-datepicker@^2.0.4" args=["angular-datepicker@^2.0.4",null]
13 verbose parsed url { protocol: null,
13 verbose parsed url   slashes: null,
13 verbose parsed url   auth: null,
13 verbose parsed url   host: null,
13 verbose parsed url   port: null,
13 verbose parsed url   hostname: null,
13 verbose parsed url   hash: null,
13 verbose parsed url   search: null,
13 verbose parsed url   query: null,
13 verbose parsed url   pathname: 'angular-datepicker@^2.0.4',
13 verbose parsed url   path: 'angular-datepicker@^2.0.4',
13 verbose parsed url   href: 'angular-datepicker@^2.0.4' }
14 verbose cache add name="angular-datepicker" spec="^2.0.4" args=["angular-datepicker","^2.0.4"]
15 verbose parsed url { protocol: null,
15 verbose parsed url   slashes: null,
15 verbose parsed url   auth: null,
15 verbose parsed url   host: null,
15 verbose parsed url   port: null,
15 verbose parsed url   hostname: null,
15 verbose parsed url   hash: null,
15 verbose parsed url   search: null,
15 verbose parsed url   query: null,
15 verbose parsed url   pathname: '^2.0.4',
15 verbose parsed url   path: '^2.0.4',
15 verbose parsed url   href: '^2.0.4' }
16 verbose addNamed [ 'angular-datepicker', '^2.0.4' ]
17 verbose addNamed [ null, '>=2.0.4-0 <3.0.0-0' ]
18 verbose already installed skipping angular@^1.3.15 D:\workspace\javascript\todo
19 verbose already installed skipping angularfire@^1.0.0 D:\workspace\javascript\todo
20 silly lockFile d93b1ab3-angular-datepicker-2-0-4 angular-datepicker@^2.0.4
21 verbose lock angular-datepicker@^2.0.4 C:\Users\SDS\AppData\Roaming\npm-cache\d93b1ab3-angular-datepicker-2-0-4.lock
22 silly addNameRange { name: 'angular-datepicker',
22 silly addNameRange   range: '>=2.0.4-0 <3.0.0-0',
22 silly addNameRange   hasData: false }
23 verbose url raw angular-datepicker
24 verbose url resolving [ 'http://registry.npmjs.org/', './angular-datepicker' ]
25 verbose url resolved http://registry.npmjs.org/angular-datepicker
26 info trying registry request attempt 1 at 15:58:19
27 verbose etag "GOCJPU5PM46A821G7JG0UJJP"
28 http GET http://registry.npmjs.org/angular-datepicker
29 http 304 http://registry.npmjs.org/angular-datepicker
30 silly registry.get cb [ 304,
30 silly registry.get   { date: 'Mon, 07 Dec 2015 06:58:19 GMT',
30 silly registry.get     via: '1.1 varnish',
30 silly registry.get     'cache-control': 'max-age=60',
30 silly registry.get     etag: '"GOCJPU5PM46A821G7JG0UJJP"',
30 silly registry.get     age: '25',
30 silly registry.get     'x-served-by': 'cache-nrt6126-NRT',
30 silly registry.get     'x-cache': 'HIT',
30 silly registry.get     'x-cache-hits': '1',
30 silly registry.get     'x-timer': 'S1449471499.663358,VS0,VE0',
30 silly registry.get     vary: 'Accept',
30 silly registry.get     connection: 'Keep-Alive' } ]
31 verbose etag angular-datepicker from cache
32 silly addNameRange number 2 { name: 'angular-datepicker',
32 silly addNameRange   range: '>=2.0.4-0 <3.0.0-0',
32 silly addNameRange   hasData: true }
33 silly addNameRange versions [ 'angular-datepicker', [ '1.0.5' ] ]
34 silly lockFile d93b1ab3-angular-datepicker-2-0-4 angular-datepicker@^2.0.4
35 silly lockFile d93b1ab3-angular-datepicker-2-0-4 angular-datepicker@^2.0.4
36 error notarget No compatible version found: angular-datepicker@'>=2.0.4-0 <3.0.0-0'
36 error notarget Valid install targets:
36 error notarget ["1.0.5"]
36 error notarget
36 error notarget This is most likely not a problem with npm itself.
36 error notarget In most cases you or one of your dependencies are requesting
36 error notarget a package version that doesn't exist.
37 error System Windows_NT 6.1.7601
38 error command "D:\\dev\\ide\\nodejs\\\\node.exe" "D:\\dev\\ide\\nodejs\\node_modules\\npm\\bin\\npm-cli.js" "install"
39 error cwd D:\workspace\javascript\todo
40 error node -v v0.10.26
41 error npm -v 1.4.3
42 error code ETARGET
43 verbose exit [ 1, true ]
